<?xml version="1.0" encoding="UTF-8"?>
<!-- Generated by org.testng.reporters.JUnitXMLReporter -->
<testsuite hostname="DESKTOP-FMH6GML" ignored="4" name="Test Entrata" tests="3" failures="0" timestamp="2024-02-06T22:04:46 IST" time="180.967" errors="0">
  <testcase name="verifyTheRedBorder" time="13.503" classname="watchDemo.FilltheFormOfWatchDemoTest"/>
  <testcase name="fillFormForWatchDemo" time="152.539" classname="watchDemo.FilltheFormOfWatchDemoTest"/>
  <testcase name="readProductsMenu" time="2.841" classname="products.VerifySubMenuTest"/>
  <testcase name="@BeforeTest beforeTest" time="0.0" classname="baseClass.BaseClass">
    <ignored/>
  </testcase> <!-- @BeforeTest beforeTest -->
  <testcase name="@BeforeSuite beforeSuite" time="0.0" classname="baseClass.BaseClass">
    <ignored/>
  </testcase> <!-- @BeforeSuite beforeSuite -->
  <testcase name="@AfterTest afterTest" time="0.0" classname="baseClass.BaseClass">
    <ignored/>
  </testcase> <!-- @AfterTest afterTest -->
  <testcase name="@AfterSuite afterSuite" time="0.0" classname="baseClass.BaseClass">
    <ignored/>
  </testcase> <!-- @AfterSuite afterSuite -->
</testsuite> <!-- Test Entrata -->
