<?xml version="1.0" encoding="UTF-8"?>
<!-- Generated by org.testng.reporters.JUnitXMLReporter -->
<testsuite hostname="DESKTOP-FMH6GML" ignored="4" name="Test" tests="2" failures="1" timestamp="2024-02-06T13:09:34 IST" time="51.305" errors="0">
  <testcase name="fillFormForWatchDemo" time="22.735" classname="watchDemo.FilltheFormOfWatchDemoTest"/>
  <testcase name="verifyLink" time="15.061" classname="products.VerifySubMenuTest">
    <failure type="java.lang.NullPointerException">
      <![CDATA[java.lang.NullPointerException
at pages.products.ProductsPage.MoveOnProducts(ProductsPage.java:26)
at products.VerifySubMenuTest.verifyLink(VerifySubMenuTest.java:23)
at java.util.ArrayList.forEach(ArrayList.java:1257)
... Removed 27 stack frames]]>
    </failure>
  </testcase> <!-- verifyLink -->
  <testcase name="@BeforeTest beforeTest" time="0.0" classname="baseClass.BaseClass">
    <ignored/>
  </testcase> <!-- @BeforeTest beforeTest -->
  <testcase name="@BeforeSuite beforeSuite" time="0.0" classname="baseClass.BaseClass">
    <ignored/>
  </testcase> <!-- @BeforeSuite beforeSuite -->
  <testcase name="@AfterTest afterTest" time="0.0" classname="baseClass.BaseClass">
    <ignored/>
  </testcase> <!-- @AfterTest afterTest -->
  <testcase name="@AfterSuite afterSuite" time="0.0" classname="baseClass.BaseClass">
    <ignored/>
  </testcase> <!-- @AfterSuite afterSuite -->
</testsuite> <!-- Test -->
