<?xml version="1.0" encoding="UTF-8"?>
<testng-results skipped="0" failed="0" ignored="0" total="1" passed="1">
  <reporter-output>
  </reporter-output>
  <suite name="Default suite" duration-ms="14160" started-at="2024-02-06T23:59:44 IST" finished-at="2024-02-06T23:59:58 IST">
    <groups>
    </groups>
    <test name="Default test" duration-ms="14160" started-at="2024-02-06T23:59:44 IST" finished-at="2024-02-06T23:59:58 IST">
      <class name="products.VerifySubMenuTest">
        <test-method status="PASS" signature="beforeSuite()[pri:0, instance:products.VerifySubMenuTest@78186a70]" name="beforeSuite" is-config="true" duration-ms="12" started-at="2024-02-06T23:59:44 IST" finished-at="2024-02-06T23:59:44 IST">
          <reporter-output>
          </reporter-output>
        </test-method> <!-- beforeSuite -->
        <test-method status="PASS" signature="beforeTest()[pri:0, instance:products.VerifySubMenuTest@78186a70]" name="beforeTest" is-config="true" duration-ms="10207" started-at="2024-02-06T23:59:44 IST" finished-at="2024-02-06T23:59:54 IST">
          <reporter-output>
          </reporter-output>
        </test-method> <!-- beforeTest -->
        <test-method status="PASS" signature="basicSetUp()[pri:0, instance:products.VerifySubMenuTest@78186a70]" name="basicSetUp" is-config="true" duration-ms="2" started-at="2024-02-06T23:59:54 IST" finished-at="2024-02-06T23:59:54 IST">
          <reporter-output>
          </reporter-output>
        </test-method> <!-- basicSetUp -->
        <test-method status="PASS" signature="readProductsMenu()[pri:2, instance:products.VerifySubMenuTest@78186a70]" name="readProductsMenu" duration-ms="3861" started-at="2024-02-06T23:59:55 IST" finished-at="2024-02-06T23:59:58 IST">
          <reporter-output>
          </reporter-output>
        </test-method> <!-- readProductsMenu -->
        <test-method status="PASS" signature="afterTest()[pri:0, instance:products.VerifySubMenuTest@78186a70]" name="afterTest" is-config="true" duration-ms="1" started-at="2024-02-06T23:59:58 IST" finished-at="2024-02-06T23:59:58 IST">
          <reporter-output>
          </reporter-output>
        </test-method> <!-- afterTest -->
        <test-method status="PASS" signature="afterSuite()[pri:0, instance:products.VerifySubMenuTest@78186a70]" name="afterSuite" is-config="true" duration-ms="1189" started-at="2024-02-06T23:59:58 IST" finished-at="2024-02-07T00:00:00 IST">
          <reporter-output>
          </reporter-output>
        </test-method> <!-- afterSuite -->
      </class> <!-- products.VerifySubMenuTest -->
    </test> <!-- Default test -->
  </suite> <!-- Default suite -->
</testng-results>
